# JRE version: OpenJDK Runtime Environment (8.0_242-b01) (build 1.8.0_242-release-1644-b01)
# Java VM: OpenJDK 64-Bit Server VM (25.242-b01 mixed mode windows-amd64 compressed oops)
Heap:
 PSYoungGen      total 165376K, used 3468K [0x00000000d5580000, 0x00000000e0700000, 0x0000000100000000)
  eden space 152064K, 2% used [0x00000000d5580000,0x00000000d58e3258,0x00000000dea00000)
  from space 13312K, 0% used [0x00000000ded00000,0x00000000ded00000,0x00000000dfa00000)
  to   space 11776K, 0% used [0x00000000dfb80000,0x00000000dfb80000,0x00000000e0700000)
 ParOldGen       total 78848K, used 20996K [0x0000000080000000, 0x0000000084d00000, 0x00000000d5580000)
  object space 78848K, 26% used [0x0000000080000000,0x00000000814813f8,0x0000000084d00000)
 Metaspace       used 44336K, capacity 45744K, committed 46128K, reserved 1093632K
  class space    used 6005K, capacity 6382K, committed 6448K, reserved 1048576K
GC Heap History (10 events):
Event: 5.490 GC heap after
Heap after GC invocations=9 (full 1):
 PSYoungGen      total 121856K, used 8683K [0x00000000d5580000, 0x00000000ddd00000, 0x0000000100000000)
  eden space 110592K, 0% used [0x00000000d5580000,0x00000000d5580000,0x00000000dc180000)
  from space 11264K, 77% used [0x00000000dcc80000,0x00000000dd4fada0,0x00000000dd780000)
  to   space 11264K, 0% used [0x00000000dc180000,0x00000000dc180000,0x00000000dcc80000)
 ParOldGen       total 58368K, used 9336K [0x0000000080000000, 0x0000000083900000, 0x00000000d5580000)
  object space 58368K, 15% used [0x0000000080000000,0x000000008091e390,0x0000000083900000)
 Metaspace       used 32322K, capacity 33130K, committed 33456K, reserved 1077248K
  class space    used 4420K, capacity 4666K, committed 4784K, reserved 1048576K
}
Event: 7.676 GC heap before
{Heap before GC invocations=10 (full 1):
 PSYoungGen      total 121856K, used 57279K [0x00000000d5580000, 0x00000000ddd00000, 0x0000000100000000)
  eden space 110592K, 43% used [0x00000000d5580000,0x00000000d84f4e78,0x00000000dc180000)
  from space 11264K, 77% used [0x00000000dcc80000,0x00000000dd4fada0,0x00000000dd780000)
  to   space 11264K, 0% used [0x00000000dc180000,0x00000000dc180000,0x00000000dcc80000)
 ParOldGen       total 58368K, used 9336K [0x0000000080000000, 0x0000000083900000, 0x00000000d5580000)
  object space 58368K, 15% used [0x0000000080000000,0x000000008091e390,0x0000000083900000)
 Metaspace       used 34582K, capacity 35452K, committed 35496K, reserved 1079296K
  class space    used 4746K, capacity 4997K, committed 5040K, reserved 1048576K
Event: 7.682 GC heap after
Heap after GC invocations=10 (full 1):
 PSYoungGen      total 121856K, used 8758K [0x00000000d5580000, 0x00000000e0700000, 0x0000000100000000)
  eden space 110592K, 0% used [0x00000000d5580000,0x00000000d5580000,0x00000000dc180000)
  from space 11264K, 77% used [0x00000000dc180000,0x00000000dca0d958,0x00000000dcc80000)
  to   space 11776K, 0% used [0x00000000dfb80000,0x00000000dfb80000,0x00000000e0700000)
 ParOldGen       total 58368K, used 9344K [0x0000000080000000, 0x0000000083900000, 0x00000000d5580000)
  object space 58368K, 16% used [0x0000000080000000,0x0000000080920390,0x0000000083900000)
 Metaspace       used 34582K, capacity 35452K, committed 35496K, reserved 1079296K
  class space    used 4746K, capacity 4997K, committed 5040K, reserved 1048576K
}
Event: 7.682 GC heap before
{Heap before GC invocations=11 (full 2):
 PSYoungGen      total 121856K, used 8758K [0x00000000d5580000, 0x00000000e0700000, 0x0000000100000000)
  eden space 110592K, 0% used [0x00000000d5580000,0x00000000d5580000,0x00000000dc180000)
  from space 11264K, 77% used [0x00000000dc180000,0x00000000dca0d958,0x00000000dcc80000)
  to   space 11776K, 0% used [0x00000000dfb80000,0x00000000dfb80000,0x00000000e0700000)
 ParOldGen       total 58368K, used 9344K [0x0000000080000000, 0x0000000083900000, 0x00000000d5580000)
  object space 58368K, 16% used [0x0000000080000000,0x0000000080920390,0x0000000083900000)
 Metaspace       used 34582K, capacity 35452K, committed 35496K, reserved 1079296K
  class space    used 4746K, capacity 4997K, committed 5040K, reserved 1048576K
Event: 7.714 GC heap after
Heap after GC invocations=11 (full 2):
 PSYoungGen      total 121856K, used 0K [0x00000000d5580000, 0x00000000e0700000, 0x0000000100000000)
  eden space 110592K, 0% used [0x00000000d5580000,0x00000000d5580000,0x00000000dc180000)
  from space 11264K, 0% used [0x00000000dc180000,0x00000000dc180000,0x00000000dcc80000)
  to   space 11776K, 0% used [0x00000000dfb80000,0x00000000dfb80000,0x00000000e0700000)
 ParOldGen       total 78848K, used 15661K [0x0000000080000000, 0x0000000084d00000, 0x00000000d5580000)
  object space 78848K, 19% used [0x0000000080000000,0x0000000080f4b748,0x0000000084d00000)
 Metaspace       used 34582K, capacity 35452K, committed 35496K, reserved 1079296K
  class space    used 4746K, capacity 4997K, committed 5040K, reserved 1048576K
}
Event: 34.844 GC heap before
{Heap before GC invocations=12 (full 2):
 PSYoungGen      total 121856K, used 110592K [0x00000000d5580000, 0x00000000e0700000, 0x0000000100000000)
  eden space 110592K, 100% used [0x00000000d5580000,0x00000000dc180000,0x00000000dc180000)
  from space 11264K, 0% used [0x00000000dc180000,0x00000000dc180000,0x00000000dcc80000)
  to   space 11776K, 0% used [0x00000000dfb80000,0x00000000dfb80000,0x00000000e0700000)
 ParOldGen       total 78848K, used 15661K [0x0000000080000000, 0x0000000084d00000, 0x00000000d5580000)
  object space 78848K, 19% used [0x0000000080000000,0x0000000080f4b748,0x0000000084d00000)
 Metaspace       used 44058K, capacity 45602K, committed 45872K, reserved 1089536K
  class space    used 5964K, capacity 6337K, committed 6448K, reserved 1048576K
Event: 34.855 GC heap after
Heap after GC invocations=12 (full 2):
 PSYoungGen      total 163840K, used 11768K [0x00000000d5580000, 0x00000000e0700000, 0x0000000100000000)
  eden space 152064K, 0% used [0x00000000d5580000,0x00000000d5580000,0x00000000dea00000)
  from space 11776K, 99% used [0x00000000dfb80000,0x00000000e06fe388,0x00000000e0700000)
  to   space 13312K, 0% used [0x00000000ded00000,0x00000000ded00000,0x00000000dfa00000)
 ParOldGen       total 78848K, used 17177K [0x0000000080000000, 0x0000000084d00000, 0x00000000d5580000)
  object space 78848K, 21% used [0x0000000080000000,0x00000000810c6600,0x0000000084d00000)
 Metaspace       used 44058K, capacity 45602K, committed 45872K, reserved 1089536K
  class space    used 5964K, capacity 6337K, committed 6448K, reserved 1048576K
}
Event: 34.950 GC heap before
{Heap before GC invocations=13 (full 2):
 PSYoungGen      total 163840K, used 26155K [0x00000000d5580000, 0x00000000e0700000, 0x0000000100000000)
  eden space 152064K, 9% used [0x00000000d5580000,0x00000000d638c8f0,0x00000000dea00000)
  from space 11776K, 99% used [0x00000000dfb80000,0x00000000e06fe388,0x00000000e0700000)
  to   space 13312K, 0% used [0x00000000ded00000,0x00000000ded00000,0x00000000dfa00000)
 ParOldGen       total 78848K, used 17177K [0x0000000080000000, 0x0000000084d00000, 0x00000000d5580000)
  object space 78848K, 21% used [0x0000000080000000,0x00000000810c6600,0x0000000084d00000)
 Metaspace       used 44319K, capacity 45762K, committed 45872K, reserved 1093632K
  class space    used 6007K, capacity 6369K, committed 6448K, reserved 1048576K
Event: 34.956 GC heap after
Heap after GC invocations=13 (full 2):
 PSYoungGen      total 165376K, used 2356K [0x00000000d5580000, 0x00000000e0700000, 0x0000000100000000)
  eden space 152064K, 0% used [0x00000000d5580000,0x00000000d5580000,0x00000000dea00000)
  from space 13312K, 17% used [0x00000000ded00000,0x00000000def4d2d0,0x00000000dfa00000)
  to   space 11776K, 0% used [0x00000000dfb80000,0x00000000dfb80000,0x00000000e0700000)
 ParOldGen       total 78848K, used 23296K [0x0000000080000000, 0x0000000084d00000, 0x00000000d5580000)
  object space 78848K, 29% used [0x0000000080000000,0x00000000816c0178,0x0000000084d00000)
 Metaspace       used 44319K, capacity 45762K, committed 45872K, reserved 1093632K
  class space    used 6007K, capacity 6369K, committed 6448K, reserved 1048576K
}
Event: 34.956 GC heap before
{Heap before GC invocations=14 (full 3):
 PSYoungGen      total 165376K, used 2356K [0x00000000d5580000, 0x00000000e0700000, 0x0000000100000000)
  eden space 152064K, 0% used [0x00000000d5580000,0x00000000d5580000,0x00000000dea00000)
  from space 13312K, 17% used [0x00000000ded00000,0x00000000def4d2d0,0x00000000dfa00000)
  to   space 11776K, 0% used [0x00000000dfb80000,0x00000000dfb80000,0x00000000e0700000)
 ParOldGen       total 78848K, used 23296K [0x0000000080000000, 0x0000000084d00000, 0x00000000d5580000)
  object space 78848K, 29% used [0x0000000080000000,0x00000000816c0178,0x0000000084d00000)
 Metaspace       used 44319K, capacity 45762K, committed 45872K, reserved 1093632K
  class space    used 6007K, capacity 6369K, committed 6448K, reserved 1048576K

