# JRE version: OpenJDK Runtime Environment (8.0_242-b01) (build 1.8.0_242-release-1644-b01)
# Java VM: OpenJDK 64-Bit Server VM (25.242-b01 mixed mode windows-amd64 compressed oops)
Heap:
 PSYoungGen      total 173568K, used 18613K [0x00000000d5580000, 0x00000000e1980000, 0x0000000100000000)
  eden space 154624K, 0% used [0x00000000d5580000,0x00000000d5580000,0x00000000dec80000)
  from space 18944K, 98% used [0x00000000df100000,0x00000000e032d740,0x00000000e0380000)
  to   space 22528K, 0% used [0x00000000e0380000,0x00000000e0380000,0x00000000e1980000)
 ParOldGen       total 152576K, used 32221K [0x0000000080000000, 0x0000000089500000, 0x00000000d5580000)
  object space 152576K, 21% used [0x0000000080000000,0x0000000081f77560,0x0000000089500000)
 Metaspace       used 68409K, capacity 72072K, committed 72216K, reserved 1116160K
  class space    used 9252K, capacity 9977K, committed 10032K, reserved 1048576K
GC Heap History (10 events):
Event: 11.590 GC heap before
{Heap before GC invocations=13 (full 2):
 PSYoungGen      total 127488K, used 127420K [0x00000000d5580000, 0x00000000de100000, 0x0000000100000000)
  eden space 116224K, 100% used [0x00000000d5580000,0x00000000dc700000,0x00000000dc700000)
  from space 11264K, 99% used [0x00000000dd600000,0x00000000de0ef0b0,0x00000000de100000)
  to   space 12800K, 0% used [0x00000000dc800000,0x00000000dc800000,0x00000000dd480000)
 ParOldGen       total 100352K, used 15691K [0x0000000080000000, 0x0000000086200000, 0x00000000d5580000)
  object space 100352K, 15% used [0x0000000080000000,0x0000000080f52d40,0x0000000086200000)
 Metaspace       used 50813K, capacity 52628K, committed 52912K, reserved 1095680K
  class space    used 6875K, capacity 7315K, committed 7344K, reserved 1048576K
Event: 11.602 GC heap after
Heap after GC invocations=13 (full 2):
 PSYoungGen      total 130048K, used 12779K [0x00000000d5580000, 0x00000000e0100000, 0x0000000100000000)
  eden space 117248K, 0% used [0x00000000d5580000,0x00000000d5580000,0x00000000dc800000)
  from space 12800K, 99% used [0x00000000dc800000,0x00000000dd47ad70,0x00000000dd480000)
  to   space 16384K, 0% used [0x00000000df100000,0x00000000df100000,0x00000000e0100000)
 ParOldGen       total 100352K, used 21356K [0x0000000080000000, 0x0000000086200000, 0x00000000d5580000)
  object space 100352K, 21% used [0x0000000080000000,0x00000000814db088,0x0000000086200000)
 Metaspace       used 50813K, capacity 52628K, committed 52912K, reserved 1095680K
  class space    used 6875K, capacity 7315K, committed 7344K, reserved 1048576K
}
Event: 12.973 GC heap before
{Heap before GC invocations=14 (full 2):
 PSYoungGen      total 130048K, used 86093K [0x00000000d5580000, 0x00000000e0100000, 0x0000000100000000)
  eden space 117248K, 62% used [0x00000000d5580000,0x00000000d9d18858,0x00000000dc800000)
  from space 12800K, 99% used [0x00000000dc800000,0x00000000dd47ad70,0x00000000dd480000)
  to   space 16384K, 0% used [0x00000000df100000,0x00000000df100000,0x00000000e0100000)
 ParOldGen       total 100352K, used 21356K [0x0000000080000000, 0x0000000086200000, 0x00000000d5580000)
  object space 100352K, 21% used [0x0000000080000000,0x00000000814db088,0x0000000086200000)
 Metaspace       used 56844K, capacity 58932K, committed 59160K, reserved 1099776K
  class space    used 7762K, capacity 8229K, committed 8240K, reserved 1048576K
Event: 12.988 GC heap after
Heap after GC invocations=14 (full 2):
 PSYoungGen      total 156160K, used 16359K [0x00000000d5580000, 0x00000000e0880000, 0x0000000100000000)
  eden space 139776K, 0% used [0x00000000d5580000,0x00000000d5580000,0x00000000dde00000)
  from space 16384K, 99% used [0x00000000df100000,0x00000000e00f9ce0,0x00000000e0100000)
  to   space 19456K, 0% used [0x00000000dde00000,0x00000000dde00000,0x00000000df100000)
 ParOldGen       total 100352K, used 24932K [0x0000000080000000, 0x0000000086200000, 0x00000000d5580000)
  object space 100352K, 24% used [0x0000000080000000,0x0000000081859240,0x0000000086200000)
 Metaspace       used 56844K, capacity 58932K, committed 59160K, reserved 1099776K
  class space    used 7762K, capacity 8229K, committed 8240K, reserved 1048576K
}
Event: 12.988 GC heap before
{Heap before GC invocations=15 (full 3):
 PSYoungGen      total 156160K, used 16359K [0x00000000d5580000, 0x00000000e0880000, 0x0000000100000000)
  eden space 139776K, 0% used [0x00000000d5580000,0x00000000d5580000,0x00000000dde00000)
  from space 16384K, 99% used [0x00000000df100000,0x00000000e00f9ce0,0x00000000e0100000)
  to   space 19456K, 0% used [0x00000000dde00000,0x00000000dde00000,0x00000000df100000)
 ParOldGen       total 100352K, used 24932K [0x0000000080000000, 0x0000000086200000, 0x00000000d5580000)
  object space 100352K, 24% used [0x0000000080000000,0x0000000081859240,0x0000000086200000)
 Metaspace       used 56844K, capacity 58932K, committed 59160K, reserved 1099776K
  class space    used 7762K, capacity 8229K, committed 8240K, reserved 1048576K
Event: 13.186 GC heap after
Heap after GC invocations=15 (full 3):
 PSYoungGen      total 156160K, used 0K [0x00000000d5580000, 0x00000000e0880000, 0x0000000100000000)
  eden space 139776K, 0% used [0x00000000d5580000,0x00000000d5580000,0x00000000dde00000)
  from space 16384K, 0% used [0x00000000df100000,0x00000000df100000,0x00000000e0100000)
  to   space 19456K, 0% used [0x00000000dde00000,0x00000000dde00000,0x00000000df100000)
 ParOldGen       total 152576K, used 32197K [0x0000000080000000, 0x0000000089500000, 0x00000000d5580000)
  object space 152576K, 21% used [0x0000000080000000,0x0000000081f71560,0x0000000089500000)
 Metaspace       used 56811K, capacity 58818K, committed 59160K, reserved 1099776K
  class space    used 7752K, capacity 8210K, committed 8240K, reserved 1048576K
}
Event: 16.473 GC heap before
{Heap before GC invocations=16 (full 3):
 PSYoungGen      total 156160K, used 139776K [0x00000000d5580000, 0x00000000e0880000, 0x0000000100000000)
  eden space 139776K, 100% used [0x00000000d5580000,0x00000000dde00000,0x00000000dde00000)
  from space 16384K, 0% used [0x00000000df100000,0x00000000df100000,0x00000000e0100000)
  to   space 19456K, 0% used [0x00000000dde00000,0x00000000dde00000,0x00000000df100000)
 ParOldGen       total 152576K, used 32197K [0x0000000080000000, 0x0000000089500000, 0x00000000d5580000)
  object space 152576K, 21% used [0x0000000080000000,0x0000000081f71560,0x0000000089500000)
 Metaspace       used 62055K, capacity 65422K, committed 65560K, reserved 1105920K
  class space    used 8553K, capacity 9228K, committed 9264K, reserved 1048576K
Event: 16.483 GC heap after
Heap after GC invocations=16 (full 3):
 PSYoungGen      total 159232K, used 11837K [0x00000000d5580000, 0x00000000e1a80000, 0x0000000100000000)
  eden space 139776K, 0% used [0x00000000d5580000,0x00000000d5580000,0x00000000dde00000)
  from space 19456K, 60% used [0x00000000dde00000,0x00000000de98f5e0,0x00000000df100000)
  to   space 19456K, 0% used [0x00000000e0780000,0x00000000e0780000,0x00000000e1a80000)
 ParOldGen       total 152576K, used 32205K [0x0000000080000000, 0x0000000089500000, 0x00000000d5580000)
  object space 152576K, 21% used [0x0000000080000000,0x0000000081f73560,0x0000000089500000)
 Metaspace       used 62055K, capacity 65422K, committed 65560K, reserved 1105920K
  class space    used 8553K, capacity 9228K, committed 9264K, reserved 1048576K
}
Event: 30.102 GC heap before
{Heap before GC invocations=17 (full 3):
 PSYoungGen      total 159232K, used 151613K [0x00000000d5580000, 0x00000000e1a80000, 0x0000000100000000)
  eden space 139776K, 100% used [0x00000000d5580000,0x00000000dde00000,0x00000000dde00000)
  from space 19456K, 60% used [0x00000000dde00000,0x00000000de98f5e0,0x00000000df100000)
  to   space 19456K, 0% used [0x00000000e0780000,0x00000000e0780000,0x00000000e1a80000)
 ParOldGen       total 152576K, used 32205K [0x0000000080000000, 0x0000000089500000, 0x00000000d5580000)
  object space 152576K, 21% used [0x0000000080000000,0x0000000081f73560,0x0000000089500000)
 Metaspace       used 65678K, capacity 69348K, committed 69528K, reserved 1110016K
  class space    used 9079K, capacity 9805K, committed 9904K, reserved 1048576K
Event: 30.115 GC heap after
Heap after GC invocations=17 (full 3):
 PSYoungGen      total 178176K, used 16959K [0x00000000d5580000, 0x00000000e1a00000, 0x0000000100000000)
  eden space 159232K, 0% used [0x00000000d5580000,0x00000000d5580000,0x00000000df100000)
  from space 18944K, 89% used [0x00000000e0780000,0x00000000e180fec0,0x00000000e1a00000)
  to   space 20992K, 0% used [0x00000000df100000,0x00000000df100000,0x00000000e0580000)
 ParOldGen       total 152576K, used 32213K [0x0000000080000000, 0x0000000089500000, 0x00000000d5580000)
  object space 152576K, 21% used [0x0000000080000000,0x0000000081f75560,0x0000000089500000)
 Metaspace       used 65678K, capacity 69348K, committed 69528K, reserved 1110016K
  class space    used 9079K, capacity 9805K, committed 9904K, reserved 1048576K
}

