# JRE version: OpenJDK Runtime Environment (8.0_242-b01) (build 1.8.0_242-release-1644-b01)
# Java VM: OpenJDK 64-Bit Server VM (25.242-b01 mixed mode windows-amd64 compressed oops)
Heap:
 PSYoungGen      total 356352K, used 318825K [0x00000000d5580000, 0x00000000ee580000, 0x0000000100000000)
  eden space 314880K, 97% used [0x00000000d5580000,0x00000000e809c3e8,0x00000000e8900000)
  from space 41472K, 30% used [0x00000000eb000000,0x00000000ebc3e1b0,0x00000000ed880000)
  to   space 39936K, 0% used [0x00000000e8900000,0x00000000e8900000,0x00000000eb000000)
 ParOldGen       total 197120K, used 72877K [0x0000000080000000, 0x000000008c080000, 0x00000000d5580000)
  object space 197120K, 36% used [0x0000000080000000,0x000000008472b720,0x000000008c080000)
 Metaspace       used 100174K, capacity 104920K, committed 105624K, reserved 1140736K
  class space    used 13133K, capacity 14074K, committed 14248K, reserved 1048576K
GC Heap History (10 events):
Event: 307.855 GC heap before
{Heap before GC invocations=14 (full 3):
 PSYoungGen      total 256512K, used 252242K [0x00000000d5580000, 0x00000000e7e00000, 0x0000000100000000)
  eden space 233984K, 100% used [0x00000000d5580000,0x00000000e3a00000,0x00000000e3a00000)
  from space 22528K, 81% used [0x00000000e5180000,0x00000000e6354b68,0x00000000e6780000)
  to   space 24064K, 0% used [0x00000000e3a00000,0x00000000e3a00000,0x00000000e5180000)
 ParOldGen       total 129536K, used 39956K [0x0000000080000000, 0x0000000087e80000, 0x00000000d5580000)
  object space 129536K, 30% used [0x0000000080000000,0x0000000082705208,0x0000000087e80000)
 Metaspace       used 81417K, capacity 85674K, committed 86040K, reserved 1124352K
  class space    used 10838K, capacity 11709K, committed 11816K, reserved 1048576K
Event: 307.889 GC heap after
Heap after GC invocations=14 (full 3):
 PSYoungGen      total 258048K, used 24051K [0x00000000d5580000, 0x00000000e9c00000, 0x0000000100000000)
  eden space 233984K, 0% used [0x00000000d5580000,0x00000000d5580000,0x00000000e3a00000)
  from space 24064K, 99% used [0x00000000e3a00000,0x00000000e517cd70,0x00000000e5180000)
  to   space 29696K, 0% used [0x00000000e7f00000,0x00000000e7f00000,0x00000000e9c00000)
 ParOldGen       total 129536K, used 45695K [0x0000000080000000, 0x0000000087e80000, 0x00000000d5580000)
  object space 129536K, 35% used [0x0000000080000000,0x0000000082c9fcc8,0x0000000087e80000)
 Metaspace       used 81417K, capacity 85674K, committed 86040K, reserved 1124352K
  class space    used 10838K, capacity 11709K, committed 11816K, reserved 1048576K
}
Event: 324.510 GC heap before
{Heap before GC invocations=15 (full 3):
 PSYoungGen      total 258048K, used 258035K [0x00000000d5580000, 0x00000000e9c00000, 0x0000000100000000)
  eden space 233984K, 100% used [0x00000000d5580000,0x00000000e3a00000,0x00000000e3a00000)
  from space 24064K, 99% used [0x00000000e3a00000,0x00000000e517cd70,0x00000000e5180000)
  to   space 29696K, 0% used [0x00000000e7f00000,0x00000000e7f00000,0x00000000e9c00000)
 ParOldGen       total 129536K, used 45695K [0x0000000080000000, 0x0000000087e80000, 0x00000000d5580000)
  object space 129536K, 35% used [0x0000000080000000,0x0000000082c9fcc8,0x0000000087e80000)
 Metaspace       used 89990K, capacity 94864K, committed 95128K, reserved 1132544K
  class space    used 11937K, capacity 12888K, committed 12968K, reserved 1048576K
Event: 324.540 GC heap after
Heap after GC invocations=15 (full 3):
 PSYoungGen      total 295424K, used 29686K [0x00000000d5580000, 0x00000000ea780000, 0x0000000100000000)
  eden space 265728K, 0% used [0x00000000d5580000,0x00000000d5580000,0x00000000e5900000)
  from space 29696K, 99% used [0x00000000e7f00000,0x00000000e9bfd9f0,0x00000000e9c00000)
  to   space 38912K, 0% used [0x00000000e5900000,0x00000000e5900000,0x00000000e7f00000)
 ParOldGen       total 129536K, used 58610K [0x0000000080000000, 0x0000000087e80000, 0x00000000d5580000)
  object space 129536K, 45% used [0x0000000080000000,0x000000008393ca28,0x0000000087e80000)
 Metaspace       used 89990K, capacity 94864K, committed 95128K, reserved 1132544K
  class space    used 11937K, capacity 12888K, committed 12968K, reserved 1048576K
}
Event: 325.693 GC heap before
{Heap before GC invocations=16 (full 3):
 PSYoungGen      total 295424K, used 96918K [0x00000000d5580000, 0x00000000ea780000, 0x0000000100000000)
  eden space 265728K, 25% used [0x00000000d5580000,0x00000000d97281f8,0x00000000e5900000)
  from space 29696K, 99% used [0x00000000e7f00000,0x00000000e9bfd9f0,0x00000000e9c00000)
  to   space 38912K, 0% used [0x00000000e5900000,0x00000000e5900000,0x00000000e7f00000)
 ParOldGen       total 129536K, used 58610K [0x0000000080000000, 0x0000000087e80000, 0x00000000d5580000)
  object space 129536K, 45% used [0x0000000080000000,0x000000008393ca28,0x0000000087e80000)
 Metaspace       used 93357K, capacity 98462K, committed 98600K, reserved 1134592K
  class space    used 12402K, capacity 13407K, committed 13480K, reserved 1048576K
Event: 325.722 GC heap after
Heap after GC invocations=16 (full 3):
 PSYoungGen      total 304640K, used 28987K [0x00000000d5580000, 0x00000000ed880000, 0x0000000100000000)
  eden space 265728K, 0% used [0x00000000d5580000,0x00000000d5580000,0x00000000e5900000)
  from space 38912K, 74% used [0x00000000e5900000,0x00000000e754ee50,0x00000000e7f00000)
  to   space 41472K, 0% used [0x00000000eb000000,0x00000000eb000000,0x00000000ed880000)
 ParOldGen       total 129536K, used 67054K [0x0000000080000000, 0x0000000087e80000, 0x00000000d5580000)
  object space 129536K, 51% used [0x0000000080000000,0x000000008417bb18,0x0000000087e80000)
 Metaspace       used 93357K, capacity 98462K, committed 98600K, reserved 1134592K
  class space    used 12402K, capacity 13407K, committed 13480K, reserved 1048576K
}
Event: 325.722 GC heap before
{Heap before GC invocations=17 (full 4):
 PSYoungGen      total 304640K, used 28987K [0x00000000d5580000, 0x00000000ed880000, 0x0000000100000000)
  eden space 265728K, 0% used [0x00000000d5580000,0x00000000d5580000,0x00000000e5900000)
  from space 38912K, 74% used [0x00000000e5900000,0x00000000e754ee50,0x00000000e7f00000)
  to   space 41472K, 0% used [0x00000000eb000000,0x00000000eb000000,0x00000000ed880000)
 ParOldGen       total 129536K, used 67054K [0x0000000080000000, 0x0000000087e80000, 0x00000000d5580000)
  object space 129536K, 51% used [0x0000000080000000,0x000000008417bb18,0x0000000087e80000)
 Metaspace       used 93357K, capacity 98462K, committed 98600K, reserved 1134592K
  class space    used 12402K, capacity 13407K, committed 13480K, reserved 1048576K
Event: 325.935 GC heap after
Heap after GC invocations=17 (full 4):
 PSYoungGen      total 304640K, used 0K [0x00000000d5580000, 0x00000000ed880000, 0x0000000100000000)
  eden space 265728K, 0% used [0x00000000d5580000,0x00000000d5580000,0x00000000e5900000)
  from space 38912K, 0% used [0x00000000e5900000,0x00000000e5900000,0x00000000e7f00000)
  to   space 41472K, 0% used [0x00000000eb000000,0x00000000eb000000,0x00000000ed880000)
 ParOldGen       total 197120K, used 72869K [0x0000000080000000, 0x000000008c080000, 0x00000000d5580000)
  object space 197120K, 36% used [0x0000000080000000,0x0000000084729720,0x000000008c080000)
 Metaspace       used 92744K, capacity 96704K, committed 98600K, reserved 1134592K
  class space    used 12206K, capacity 13062K, committed 13480K, reserved 1048576K
}
Event: 328.174 GC heap before
{Heap before GC invocations=18 (full 4):
 PSYoungGen      total 304640K, used 265728K [0x00000000d5580000, 0x00000000ed880000, 0x0000000100000000)
  eden space 265728K, 100% used [0x00000000d5580000,0x00000000e5900000,0x00000000e5900000)
  from space 38912K, 0% used [0x00000000e5900000,0x00000000e5900000,0x00000000e7f00000)
  to   space 41472K, 0% used [0x00000000eb000000,0x00000000eb000000,0x00000000ed880000)
 ParOldGen       total 197120K, used 72869K [0x0000000080000000, 0x000000008c080000, 0x00000000d5580000)
  object space 197120K, 36% used [0x0000000080000000,0x0000000084729720,0x000000008c080000)
 Metaspace       used 98484K, capacity 102928K, committed 104216K, reserved 1138688K
  class space    used 12945K, capacity 13880K, committed 14120K, reserved 1048576K
Event: 328.276 GC heap after
Heap after GC invocations=18 (full 4):
 PSYoungGen      total 356352K, used 12536K [0x00000000d5580000, 0x00000000ee580000, 0x0000000100000000)
  eden space 314880K, 0% used [0x00000000d5580000,0x00000000d5580000,0x00000000e8900000)
  from space 41472K, 30% used [0x00000000eb000000,0x00000000ebc3e1b0,0x00000000ed880000)
  to   space 39936K, 0% used [0x00000000e8900000,0x00000000e8900000,0x00000000eb000000)
 ParOldGen       total 197120K, used 72877K [0x0000000080000000, 0x000000008c080000, 0x00000000d5580000)
  object space 197120K, 36% used [0x0000000080000000,0x000000008472b720,0x000000008c080000)
 Metaspace       used 98484K, capacity 102928K, committed 104216K, reserved 1138688K
  class space    used 12945K, capacity 13880K, committed 14120K, reserved 1048576K
}

