# JRE version: OpenJDK Runtime Environment (8.0_242-b01) (build 1.8.0_242-release-1644-b01)
# Java VM: OpenJDK 64-Bit Server VM (25.242-b01 mixed mode windows-amd64 compressed oops)
Heap:
 PSYoungGen      total 661504K, used 613747K [0x00000000d5580000, 0x00000000fff00000, 0x0000000100000000)
  eden space 626176K, 97% used [0x00000000d5580000,0x00000000fa835320,0x00000000fb900000)
  from space 35328K, 13% used [0x00000000fdc80000,0x00000000fe127aa8,0x00000000fff00000)
  to   space 35840K, 0% used [0x00000000fb900000,0x00000000fb900000,0x00000000fdc00000)
 ParOldGen       total 200704K, used 165679K [0x0000000080000000, 0x000000008c400000, 0x00000000d5580000)
  object space 200704K, 82% used [0x0000000080000000,0x000000008a1cbcb8,0x000000008c400000)
 Metaspace       used 131609K, capacity 139230K, committed 139416K, reserved 1169408K
  class space    used 16994K, capacity 18473K, committed 18600K, reserved 1048576K
GC Heap History (10 events):
Event: 200.624 GC heap before
{Heap before GC invocations=30 (full 4):
 PSYoungGen      total 634880K, used 599987K [0x00000000d5580000, 0x00000000ffe80000, 0x0000000100000000)
  eden space 592896K, 100% used [0x00000000d5580000,0x00000000f9880000,0x00000000f9880000)
  from space 41984K, 16% used [0x00000000f9880000,0x00000000f9f6ccf0,0x00000000fc180000)
  to   space 41472K, 0% used [0x00000000fd600000,0x00000000fd600000,0x00000000ffe80000)
 ParOldGen       total 200704K, used 141794K [0x0000000080000000, 0x000000008c400000, 0x00000000d5580000)
  object space 200704K, 70% used [0x0000000080000000,0x0000000088a78b48,0x000000008c400000)
 Metaspace       used 107959K, capacity 113970K, committed 114072K, reserved 1148928K
  class space    used 14036K, capacity 15186K, committed 15272K, reserved 1048576K
Event: 200.653 GC heap after
Heap after GC invocations=30 (full 4):
 PSYoungGen      total 655872K, used 7943K [0x00000000d5580000, 0x00000000ffd80000, 0x0000000100000000)
  eden space 615424K, 0% used [0x00000000d5580000,0x00000000d5580000,0x00000000fae80000)
  from space 40448K, 19% used [0x00000000fd600000,0x00000000fddc1f28,0x00000000ffd80000)
  to   space 40448K, 0% used [0x00000000fae80000,0x00000000fae80000,0x00000000fd600000)
 ParOldGen       total 200704K, used 147147K [0x0000000080000000, 0x000000008c400000, 0x00000000d5580000)
  object space 200704K, 73% used [0x0000000080000000,0x0000000088fb2e88,0x000000008c400000)
 Metaspace       used 107959K, capacity 113970K, committed 114072K, reserved 1148928K
  class space    used 14036K, capacity 15186K, committed 15272K, reserved 1048576K
}
Event: 201.684 GC heap before
{Heap before GC invocations=31 (full 4):
 PSYoungGen      total 655872K, used 623367K [0x00000000d5580000, 0x00000000ffd80000, 0x0000000100000000)
  eden space 615424K, 100% used [0x00000000d5580000,0x00000000fae80000,0x00000000fae80000)
  from space 40448K, 19% used [0x00000000fd600000,0x00000000fddc1f28,0x00000000ffd80000)
  to   space 40448K, 0% used [0x00000000fae80000,0x00000000fae80000,0x00000000fd600000)
 ParOldGen       total 200704K, used 147147K [0x0000000080000000, 0x000000008c400000, 0x00000000d5580000)
  object space 200704K, 73% used [0x0000000080000000,0x0000000088fb2e88,0x000000008c400000)
 Metaspace       used 108091K, capacity 114042K, committed 114328K, reserved 1148928K
  class space    used 14036K, capacity 15186K, committed 15272K, reserved 1048576K
Event: 201.789 GC heap after
Heap after GC invocations=31 (full 4):
 PSYoungGen      total 655872K, used 11483K [0x00000000d5580000, 0x00000000ffc00000, 0x0000000100000000)
  eden space 615424K, 0% used [0x00000000d5580000,0x00000000d5580000,0x00000000fae80000)
  from space 40448K, 28% used [0x00000000fae80000,0x00000000fb9b6c70,0x00000000fd600000)
  to   space 38400K, 0% used [0x00000000fd680000,0x00000000fd680000,0x00000000ffc00000)
 ParOldGen       total 200704K, used 151819K [0x0000000080000000, 0x000000008c400000, 0x00000000d5580000)
  object space 200704K, 75% used [0x0000000080000000,0x0000000089442c90,0x000000008c400000)
 Metaspace       used 108091K, capacity 114042K, committed 114328K, reserved 1148928K
  class space    used 14036K, capacity 15186K, committed 15272K, reserved 1048576K
}
Event: 204.510 GC heap before
{Heap before GC invocations=32 (full 4):
 PSYoungGen      total 655872K, used 626907K [0x00000000d5580000, 0x00000000ffc00000, 0x0000000100000000)
  eden space 615424K, 100% used [0x00000000d5580000,0x00000000fae80000,0x00000000fae80000)
  from space 40448K, 28% used [0x00000000fae80000,0x00000000fb9b6c70,0x00000000fd600000)
  to   space 38400K, 0% used [0x00000000fd680000,0x00000000fd680000,0x00000000ffc00000)
 ParOldGen       total 200704K, used 151819K [0x0000000080000000, 0x000000008c400000, 0x00000000d5580000)
  object space 200704K, 75% used [0x0000000080000000,0x0000000089442c90,0x000000008c400000)
 Metaspace       used 108166K, capacity 114122K, committed 114328K, reserved 1148928K
  class space    used 14039K, capacity 15188K, committed 15272K, reserved 1048576K
Event: 205.030 GC heap after
Heap after GC invocations=32 (full 4):
 PSYoungGen      total 656384K, used 15935K [0x00000000d5580000, 0x00000000ffa00000, 0x0000000100000000)
  eden space 620032K, 0% used [0x00000000d5580000,0x00000000d5580000,0x00000000fb300000)
  from space 36352K, 43% used [0x00000000fd680000,0x00000000fe60ffa8,0x00000000ffa00000)
  to   space 36352K, 0% used [0x00000000fb300000,0x00000000fb300000,0x00000000fd680000)
 ParOldGen       total 200704K, used 156032K [0x0000000080000000, 0x000000008c400000, 0x00000000d5580000)
  object space 200704K, 77% used [0x0000000080000000,0x0000000089860068,0x000000008c400000)
 Metaspace       used 108166K, capacity 114122K, committed 114328K, reserved 1148928K
  class space    used 14039K, capacity 15188K, committed 15272K, reserved 1048576K
}
Event: 209.178 GC heap before
{Heap before GC invocations=33 (full 4):
 PSYoungGen      total 656384K, used 635967K [0x00000000d5580000, 0x00000000ffa00000, 0x0000000100000000)
  eden space 620032K, 100% used [0x00000000d5580000,0x00000000fb300000,0x00000000fb300000)
  from space 36352K, 43% used [0x00000000fd680000,0x00000000fe60ffa8,0x00000000ffa00000)
  to   space 36352K, 0% used [0x00000000fb300000,0x00000000fb300000,0x00000000fd680000)
 ParOldGen       total 200704K, used 156032K [0x0000000080000000, 0x000000008c400000, 0x00000000d5580000)
  object space 200704K, 77% used [0x0000000080000000,0x0000000089860068,0x000000008c400000)
 Metaspace       used 108293K, capacity 114238K, committed 114328K, reserved 1148928K
  class space    used 14054K, capacity 15196K, committed 15272K, reserved 1048576K
Event: 209.565 GC heap after
Heap after GC invocations=33 (full 4):
 PSYoungGen      total 656384K, used 2512K [0x00000000d5580000, 0x0000000100000000, 0x0000000100000000)
  eden space 620032K, 0% used [0x00000000d5580000,0x00000000d5580000,0x00000000fb300000)
  from space 36352K, 6% used [0x00000000fb300000,0x00000000fb574090,0x00000000fd680000)
  to   space 36352K, 0% used [0x00000000fdc80000,0x00000000fdc80000,0x0000000100000000)
 ParOldGen       total 200704K, used 164983K [0x0000000080000000, 0x000000008c400000, 0x00000000d5580000)
  object space 200704K, 82% used [0x0000000080000000,0x000000008a11dc98,0x000000008c400000)
 Metaspace       used 108293K, capacity 114238K, committed 114328K, reserved 1148928K
  class space    used 14054K, capacity 15196K, committed 15272K, reserved 1048576K
}
Event: 304.275 GC heap before
{Heap before GC invocations=34 (full 4):
 PSYoungGen      total 656384K, used 622544K [0x00000000d5580000, 0x0000000100000000, 0x0000000100000000)
  eden space 620032K, 100% used [0x00000000d5580000,0x00000000fb300000,0x00000000fb300000)
  from space 36352K, 6% used [0x00000000fb300000,0x00000000fb574090,0x00000000fd680000)
  to   space 36352K, 0% used [0x00000000fdc80000,0x00000000fdc80000,0x0000000100000000)
 ParOldGen       total 200704K, used 164983K [0x0000000080000000, 0x000000008c400000, 0x00000000d5580000)
  object space 200704K, 82% used [0x0000000080000000,0x000000008a11dc98,0x000000008c400000)
 Metaspace       used 109972K, capacity 116336K, committed 116632K, reserved 1150976K
  class space    used 14266K, capacity 15471K, committed 15528K, reserved 1048576K
Event: 304.315 GC heap after
Heap after GC invocations=34 (full 4):
 PSYoungGen      total 661504K, used 4766K [0x00000000d5580000, 0x00000000fff00000, 0x0000000100000000)
  eden space 626176K, 0% used [0x00000000d5580000,0x00000000d5580000,0x00000000fb900000)
  from space 35328K, 13% used [0x00000000fdc80000,0x00000000fe127aa8,0x00000000fff00000)
  to   space 35840K, 0% used [0x00000000fb900000,0x00000000fb900000,0x00000000fdc00000)
 ParOldGen       total 200704K, used 165679K [0x0000000080000000, 0x000000008c400000, 0x00000000d5580000)
  object space 200704K, 82% used [0x0000000080000000,0x000000008a1cbcb8,0x000000008c400000)
 Metaspace       used 109972K, capacity 116336K, committed 116632K, reserved 1150976K
  class space    used 14266K, capacity 15471K, committed 15528K, reserved 1048576K
}

